app/build/intermediates/manifest_merge_blame_file/debug/manifest-merger-blame-debug-report.txt
1<?xml version="1.0" encoding="utf-8"?>
2<manifest xmlns:android="http://schemas.android.com/apk/res/android"
3    package="com.demo.suresh"
4    android:versionCode="1"
5    android:versionName="1.0" >
6
7    <uses-sdk
8        android:minSdkVersion="24"
8-->src\main\AndroidManifest.xml
9        android:targetSdkVersion="31" />
9-->src\main\AndroidManifest.xml
10
11    <uses-permission android:name="android.permission.INTERNET" />
11-->src\main\AndroidManifest.xml:6:5-66
11-->src\main\AndroidManifest.xml:6:22-64
12    <uses-permission android:name="android.permission.WAKE_LOCK" />
12-->[androidx.work:work-runtime:2.6.0] AndroidManifest.xml:25:5-68
12-->[androidx.work:work-runtime:2.6.0] AndroidManifest.xml:25:22-65
13    <uses-permission android:name="android.permission.ACCESS_NETWORK_STATE" />
13-->[androidx.work:work-runtime:2.6.0] AndroidManifest.xml:26:5-79
13-->[androidx.work:work-runtime:2.6.0] AndroidManifest.xml:26:22-76
14    <uses-permission android:name="android.permission.RECEIVE_BOOT_COMPLETED" />
14-->[androidx.work:work-runtime:2.6.0] AndroidManifest.xml:27:5-81
14-->[androidx.work:work-runtime:2.6.0] AndroidManifest.xml:27:22-78
15    <uses-permission android:name="android.permission.FOREGROUND_SERVICE" /> <!-- Required by older versions of Google Play services to create GCM registration tokens -->
15-->[androidx.work:work-runtime:2.6.0] AndroidManifest.xml:28:5-77
15-->[androidx.work:work-runtime:2.6.0] AndroidManifest.xml:28:22-74
16    <uses-permission android:name="com.google.android.c2dm.permission.RECEIVE" />
16-->[com.google.android.gms:play-services-gcm:17.0.0] AndroidManifest.xml:23:5-82
16-->[com.google.android.gms:play-services-gcm:17.0.0] AndroidManifest.xml:23:22-79
17
18    <application
18-->src\main\AndroidManifest.xml:7:5-27:19
19        android:name="com.demo.suresh.MyApplication"
19-->src\main\AndroidManifest.xml:9:9-53
20        android:allowBackup="true"
20-->src\main\AndroidManifest.xml:8:9-35
21        android:appComponentFactory="androidx.core.app.CoreComponentFactory"
21-->[androidx.core:core:1.6.0] AndroidManifest.xml:24:18-86
22        android:debuggable="true"
23        android:extractNativeLibs="false"
24        android:icon="@mipmap/ic_launcher"
24-->src\main\AndroidManifest.xml:10:9-43
25        android:label="@string/app_name"
25-->src\main\AndroidManifest.xml:11:9-41
26        android:roundIcon="@mipmap/ic_launcher_round"
26-->src\main\AndroidManifest.xml:12:9-54
27        android:supportsRtl="true"
27-->src\main\AndroidManifest.xml:13:9-35
28        android:testOnly="true"
29        android:theme="@style/Theme.cutomtheme" >
29-->src\main\AndroidManifest.xml:14:9-48
30        <activity android:name="com.demo.suresh.MainActivity" >
30-->src\main\AndroidManifest.xml:15:9-21:20
30-->src\main\AndroidManifest.xml:15:19-62
31            <intent-filter>
31-->src\main\AndroidManifest.xml:16:13-20:29
32                <action android:name="android.intent.action.MAIN" />
32-->src\main\AndroidManifest.xml:17:17-69
32-->src\main\AndroidManifest.xml:17:25-66
33
34                <category android:name="android.intent.category.LAUNCHER" />
34-->src\main\AndroidManifest.xml:19:17-77
34-->src\main\AndroidManifest.xml:19:27-74
35            </intent-filter>
36        </activity>
37
38        <service
38-->[androidx.work:work-multiprocess:2.6.0] AndroidManifest.xml:25:9-27:40
39            android:name="androidx.work.multiprocess.RemoteWorkManagerService"
39-->[androidx.work:work-multiprocess:2.6.0] AndroidManifest.xml:26:13-79
40            android:exported="false" />
40-->[androidx.work:work-multiprocess:2.6.0] AndroidManifest.xml:27:13-37
41        <service
41-->[androidx.work:work-gcm:2.6.0] AndroidManifest.xml:26:9-35:19
42            android:name="androidx.work.impl.background.gcm.WorkManagerGcmService"
42-->[androidx.work:work-gcm:2.6.0] AndroidManifest.xml:27:13-83
43            android:directBootAware="false"
43-->[androidx.work:work-gcm:2.6.0] AndroidManifest.xml:28:13-44
44            android:exported="@bool/enable_gcm_scheduler_default"
44-->[androidx.work:work-gcm:2.6.0] AndroidManifest.xml:29:13-66
45            android:permission="com.google.android.gms.permission.BIND_NETWORK_TASK_SERVICE" >
45-->[androidx.work:work-gcm:2.6.0] AndroidManifest.xml:30:13-93
46            <intent-filter>
46-->[androidx.work:work-gcm:2.6.0] AndroidManifest.xml:32:13-34:29
47                <action android:name="com.google.android.gms.gcm.ACTION_TASK_READY" />
47-->[androidx.work:work-gcm:2.6.0] AndroidManifest.xml:33:17-87
47-->[androidx.work:work-gcm:2.6.0] AndroidManifest.xml:33:25-84
48            </intent-filter>
49        </service>
50        <service
50-->[androidx.work:work-runtime:2.6.0] AndroidManifest.xml:41:9-46:35
51            android:name="androidx.work.impl.background.systemalarm.SystemAlarmService"
51-->[androidx.work:work-runtime:2.6.0] AndroidManifest.xml:42:13-88
52            android:directBootAware="false"
52-->[androidx.work:work-runtime:2.6.0] AndroidManifest.xml:43:13-44
53            android:enabled="@bool/enable_system_alarm_service_default"
53-->[androidx.work:work-runtime:2.6.0] AndroidManifest.xml:44:13-72
54            android:exported="false" />
54-->[androidx.work:work-runtime:2.6.0] AndroidManifest.xml:45:13-37
55        <service
55-->[androidx.work:work-runtime:2.6.0] AndroidManifest.xml:47:9-53:35
56            android:name="androidx.work.impl.background.systemjob.SystemJobService"
56-->[androidx.work:work-runtime:2.6.0] AndroidManifest.xml:48:13-84
57            android:directBootAware="false"
57-->[androidx.work:work-runtime:2.6.0] AndroidManifest.xml:49:13-44
58            android:enabled="@bool/enable_system_job_service_default"
58-->[androidx.work:work-runtime:2.6.0] AndroidManifest.xml:50:13-70
59            android:exported="true"
59-->[androidx.work:work-runtime:2.6.0] AndroidManifest.xml:51:13-36
60            android:permission="android.permission.BIND_JOB_SERVICE" />
60-->[androidx.work:work-runtime:2.6.0] AndroidManifest.xml:52:13-69
61        <service
61-->[androidx.work:work-runtime:2.6.0] AndroidManifest.xml:54:9-59:35
62            android:name="androidx.work.impl.foreground.SystemForegroundService"
62-->[androidx.work:work-runtime:2.6.0] AndroidManifest.xml:55:13-81
63            android:directBootAware="false"
63-->[androidx.work:work-runtime:2.6.0] AndroidManifest.xml:56:13-44
64            android:enabled="@bool/enable_system_foreground_service_default"
64-->[androidx.work:work-runtime:2.6.0] AndroidManifest.xml:57:13-77
65            android:exported="false" />
65-->[androidx.work:work-runtime:2.6.0] AndroidManifest.xml:58:13-37
66
67        <receiver
67-->[androidx.work:work-runtime:2.6.0] AndroidManifest.xml:61:9-66:35
68            android:name="androidx.work.impl.utils.ForceStopRunnable$BroadcastReceiver"
68-->[androidx.work:work-runtime:2.6.0] AndroidManifest.xml:62:13-88
69            android:directBootAware="false"
69-->[androidx.work:work-runtime:2.6.0] AndroidManifest.xml:63:13-44
70            android:enabled="true"
70-->[androidx.work:work-runtime:2.6.0] AndroidManifest.xml:64:13-35
71            android:exported="false" />
71-->[androidx.work:work-runtime:2.6.0] AndroidManifest.xml:65:13-37
72        <receiver
72-->[androidx.work:work-runtime:2.6.0] AndroidManifest.xml:67:9-77:20
73            android:name="androidx.work.impl.background.systemalarm.ConstraintProxy$BatteryChargingProxy"
73-->[androidx.work:work-runtime:2.6.0] AndroidManifest.xml:68:13-106
74            android:directBootAware="false"
74-->[androidx.work:work-runtime:2.6.0] AndroidManifest.xml:69:13-44
75            android:enabled="false"
75-->[androidx.work:work-runtime:2.6.0] AndroidManifest.xml:70:13-36
76            android:exported="false" >
76-->[androidx.work:work-runtime:2.6.0] AndroidManifest.xml:71:13-37
77            <intent-filter>
77-->[androidx.work:work-runtime:2.6.0] AndroidManifest.xml:73:13-76:29
78                <action android:name="android.intent.action.ACTION_POWER_CONNECTED" />
78-->[androidx.work:work-runtime:2.6.0] AndroidManifest.xml:74:17-87
78-->[androidx.work:work-runtime:2.6.0] AndroidManifest.xml:74:25-84
79                <action android:name="android.intent.action.ACTION_POWER_DISCONNECTED" />
79-->[androidx.work:work-runtime:2.6.0] AndroidManifest.xml:75:17-90
79-->[androidx.work:work-runtime:2.6.0] AndroidManifest.xml:75:25-87
80            </intent-filter>
81        </receiver>
82        <receiver
82-->[androidx.work:work-runtime:2.6.0] AndroidManifest.xml:78:9-88:20
83            android:name="androidx.work.impl.background.systemalarm.ConstraintProxy$BatteryNotLowProxy"
83-->[androidx.work:work-runtime:2.6.0] AndroidManifest.xml:79:13-104
84            android:directBootAware="false"
84-->[androidx.work:work-runtime:2.6.0] AndroidManifest.xml:80:13-44
85            android:enabled="false"
85-->[androidx.work:work-runtime:2.6.0] AndroidManifest.xml:81:13-36
86            android:exported="false" >
86-->[androidx.work:work-runtime:2.6.0] AndroidManifest.xml:82:13-37
87            <intent-filter>
87-->[androidx.work:work-runtime:2.6.0] AndroidManifest.xml:84:13-87:29
88                <action android:name="android.intent.action.BATTERY_OKAY" />
88-->[androidx.work:work-runtime:2.6.0] AndroidManifest.xml:85:17-77
88-->[androidx.work:work-runtime:2.6.0] AndroidManifest.xml:85:25-74
89                <action android:name="android.intent.action.BATTERY_LOW" />
89-->[androidx.work:work-runtime:2.6.0] AndroidManifest.xml:86:17-76
89-->[androidx.work:work-runtime:2.6.0] AndroidManifest.xml:86:25-73
90            </intent-filter>
91        </receiver>
92        <receiver
92-->[androidx.work:work-runtime:2.6.0] AndroidManifest.xml:89:9-99:20
93            android:name="androidx.work.impl.background.systemalarm.ConstraintProxy$StorageNotLowProxy"
93-->[androidx.work:work-runtime:2.6.0] AndroidManifest.xml:90:13-104
94            android:directBootAware="false"
94-->[androidx.work:work-runtime:2.6.0] AndroidManifest.xml:91:13-44
95            android:enabled="false"
95-->[androidx.work:work-runtime:2.6.0] AndroidManifest.xml:92:13-36
96            android:exported="false" >
96-->[androidx.work:work-runtime:2.6.0] AndroidManifest.xml:93:13-37
97            <intent-filter>
97-->[androidx.work:work-runtime:2.6.0] AndroidManifest.xml:95:13-98:29
98                <action android:name="android.intent.action.DEVICE_STORAGE_LOW" />
98-->[androidx.work:work-runtime:2.6.0] AndroidManifest.xml:96:17-83
98-->[androidx.work:work-runtime:2.6.0] AndroidManifest.xml:96:25-80
99                <action android:name="android.intent.action.DEVICE_STORAGE_OK" />
99-->[androidx.work:work-runtime:2.6.0] AndroidManifest.xml:97:17-82
99-->[androidx.work:work-runtime:2.6.0] AndroidManifest.xml:97:25-79
100            </intent-filter>
101        </receiver>
102        <receiver
102-->[androidx.work:work-runtime:2.6.0] AndroidManifest.xml:100:9-109:20
103            android:name="androidx.work.impl.background.systemalarm.ConstraintProxy$NetworkStateProxy"
103-->[androidx.work:work-runtime:2.6.0] AndroidManifest.xml:101:13-103
104            android:directBootAware="false"
104-->[androidx.work:work-runtime:2.6.0] AndroidManifest.xml:102:13-44
105            android:enabled="false"
105-->[androidx.work:work-runtime:2.6.0] AndroidManifest.xml:103:13-36
106            android:exported="false" >
106-->[androidx.work:work-runtime:2.6.0] AndroidManifest.xml:104:13-37
107            <intent-filter>
107-->[androidx.work:work-runtime:2.6.0] AndroidManifest.xml:106:13-108:29
108                <action android:name="android.net.conn.CONNECTIVITY_CHANGE" />
108-->[androidx.work:work-runtime:2.6.0] AndroidManifest.xml:107:17-79
108-->[androidx.work:work-runtime:2.6.0] AndroidManifest.xml:107:25-76
109            </intent-filter>
110        </receiver>
111        <receiver
111-->[androidx.work:work-runtime:2.6.0] AndroidManifest.xml:110:9-121:20
112            android:name="androidx.work.impl.background.systemalarm.RescheduleReceiver"
112-->[androidx.work:work-runtime:2.6.0] AndroidManifest.xml:111:13-88
113            android:directBootAware="false"
113-->[androidx.work:work-runtime:2.6.0] AndroidManifest.xml:112:13-44
114            android:enabled="false"
114-->[androidx.work:work-runtime:2.6.0] AndroidManifest.xml:113:13-36
115            android:exported="false" >
115-->[androidx.work:work-runtime:2.6.0] AndroidManifest.xml:114:13-37
116            <intent-filter>
116-->[androidx.work:work-runtime:2.6.0] AndroidManifest.xml:116:13-120:29
117                <action android:name="android.intent.action.BOOT_COMPLETED" />
117-->[androidx.work:work-runtime:2.6.0] AndroidManifest.xml:117:17-79
117-->[androidx.work:work-runtime:2.6.0] AndroidManifest.xml:117:25-76
118                <action android:name="android.intent.action.TIME_SET" />
118-->[androidx.work:work-runtime:2.6.0] AndroidManifest.xml:118:17-73
118-->[androidx.work:work-runtime:2.6.0] AndroidManifest.xml:118:25-70
119                <action android:name="android.intent.action.TIMEZONE_CHANGED" />
119-->[androidx.work:work-runtime:2.6.0] AndroidManifest.xml:119:17-81
119-->[androidx.work:work-runtime:2.6.0] AndroidManifest.xml:119:25-78
120            </intent-filter>
121        </receiver>
122        <receiver
122-->[androidx.work:work-runtime:2.6.0] AndroidManifest.xml:122:9-131:20
123            android:name="androidx.work.impl.background.systemalarm.ConstraintProxyUpdateReceiver"
123-->[androidx.work:work-runtime:2.6.0] AndroidManifest.xml:123:13-99
124            android:directBootAware="false"
124-->[androidx.work:work-runtime:2.6.0] AndroidManifest.xml:124:13-44
125            android:enabled="@bool/enable_system_alarm_service_default"
125-->[androidx.work:work-runtime:2.6.0] AndroidManifest.xml:125:13-72
126            android:exported="false" >
126-->[androidx.work:work-runtime:2.6.0] AndroidManifest.xml:126:13-37
127            <intent-filter>
127-->[androidx.work:work-runtime:2.6.0] AndroidManifest.xml:128:13-130:29
128                <action android:name="androidx.work.impl.background.systemalarm.UpdateProxies" />
128-->[androidx.work:work-runtime:2.6.0] AndroidManifest.xml:129:17-98
128-->[androidx.work:work-runtime:2.6.0] AndroidManifest.xml:129:25-95
129            </intent-filter>
130        </receiver>
131        <receiver
131-->[androidx.work:work-runtime:2.6.0] AndroidManifest.xml:132:9-142:20
132            android:name="androidx.work.impl.diagnostics.DiagnosticsReceiver"
132-->[androidx.work:work-runtime:2.6.0] AndroidManifest.xml:133:13-78
133            android:directBootAware="false"
133-->[androidx.work:work-runtime:2.6.0] AndroidManifest.xml:134:13-44
134            android:enabled="true"
134-->[androidx.work:work-runtime:2.6.0] AndroidManifest.xml:135:13-35
135            android:exported="true"
135-->[androidx.work:work-runtime:2.6.0] AndroidManifest.xml:136:13-36
136            android:permission="android.permission.DUMP" >
136-->[androidx.work:work-runtime:2.6.0] AndroidManifest.xml:137:13-57
137            <intent-filter>
137-->[androidx.work:work-runtime:2.6.0] AndroidManifest.xml:139:13-141:29
138                <action android:name="androidx.work.diagnostics.REQUEST_DIAGNOSTICS" />
138-->[androidx.work:work-runtime:2.6.0] AndroidManifest.xml:140:17-88
138-->[androidx.work:work-runtime:2.6.0] AndroidManifest.xml:140:25-85
139            </intent-filter>
140        </receiver>
141
142        <service
142-->[androidx.room:room-runtime:2.2.5] AndroidManifest.xml:25:9-28:40
143            android:name="androidx.room.MultiInstanceInvalidationService"
143-->[androidx.room:room-runtime:2.2.5] AndroidManifest.xml:26:13-74
144            android:directBootAware="true"
144-->[androidx.room:room-runtime:2.2.5] AndroidManifest.xml:27:13-43
145            android:exported="false" />
145-->[androidx.room:room-runtime:2.2.5] AndroidManifest.xml:28:13-37
146
147        <activity
147-->[com.google.android.gms:play-services-base:17.0.0] AndroidManifest.xml:23:9-26:75
148            android:name="com.google.android.gms.common.api.GoogleApiActivity"
148-->[com.google.android.gms:play-services-base:17.0.0] AndroidManifest.xml:24:13-79
149            android:exported="false"
149-->[com.google.android.gms:play-services-base:17.0.0] AndroidManifest.xml:25:13-37
150            android:theme="@android:style/Theme.Translucent.NoTitleBar" />
150-->[com.google.android.gms:play-services-base:17.0.0] AndroidManifest.xml:26:13-72
151
152        <meta-data
152-->[com.google.android.gms:play-services-basement:17.0.0] AndroidManifest.xml:23:9-25:69
153            android:name="com.google.android.gms.version"
153-->[com.google.android.gms:play-services-basement:17.0.0] AndroidManifest.xml:24:13-58
154            android:value="@integer/google_play_services_version" />
154-->[com.google.android.gms:play-services-basement:17.0.0] AndroidManifest.xml:25:13-66
155
156        <provider
156-->[androidx.lifecycle:lifecycle-process:2.2.0] AndroidManifest.xml:25:9-29:43
157            android:name="androidx.lifecycle.ProcessLifecycleOwnerInitializer"
157-->[androidx.lifecycle:lifecycle-process:2.2.0] AndroidManifest.xml:26:13-79
158            android:authorities="com.demo.suresh.lifecycle-process"
158-->[androidx.lifecycle:lifecycle-process:2.2.0] AndroidManifest.xml:27:13-69
159            android:exported="false"
159-->[androidx.lifecycle:lifecycle-process:2.2.0] AndroidManifest.xml:28:13-37
160            android:multiprocess="true" />
160-->[androidx.lifecycle:lifecycle-process:2.2.0] AndroidManifest.xml:29:13-40
161    </application>
162
163</manifest>